This is pdfTeX, Version 3.1415926-2.5-1.40.14 (TeX Live 2013/Debian) (format=latex 2013.11.12)  22 APR 2014 21:10
entering extended mode
 restricted \write18 enabled.
 %&-line parsing enabled.
**jpsiPaper.tex
(./jpsiPaper.tex
LaTeX2e <2011/06/27>
Babel <3.9f> and hyphenation patterns for 2 languages loaded.
(./revtex4-1.cls
Document Class: revtex4-1 2010/07/25/20:33:00 4.1r (http://publish.aps.org/revt
ex4/ for documentation)
 Copyright (c) 2009 The American Physical Society.
 mailto:revtex@aps.org
 Licensed under the LPPL:
http://www.ctan.org/tex-archive/macros/latex/base/lppl.txt
 Arthur Ogawa <arthur_ogawa at sbcglobal dot net>
 Based on work by David Carlisle <david at dcarlisle.demon.co.uk>.
ltxutil[2010/07/25/20:33:00 4.1r utilities package (portions licensed from W. E
. Baxter web at superscript.com)]
LaTeX Info: Redefining \@centercr on input line 308.
Class revtex4-1 Info: Repairing broken LaTeX eqnarray on input line 358.
\eqncolsep=\skip41
Class revtex4-1 Info: Repairing hyperref-unfriendly LaTeX definition of \mpfoot
note on input line 433.
Class revtex4-1 Info: Repairing broken LateX \@sect on input line 755.
\intertabularlinepenalty=\count79
\@tbpen=\count80
\@arstrutbox@hline=\box26
Class revtex4-1 Info: Repairing broken LaTeX \@xbitor on input line 1786.
Class revtex4-1 Info: Making \typeout \long on input line 2046.
ltxfront[2010/07/25/20:33:00 4.1r frontmatter package (AO,DPC)]
\c@affil=\count81
\c@collab=\count82
\absbox=\box27
ltxgrid[2010/07/25/20:33:00 4.1r page grid package (portions licensed from W. E
. Baxter web at superscript.com)]
\c@linecount=\count83
\output@latex=\toks14
\box@size@1=\box28
\box@size@2=\box29
\@protection@box=\box30
\@topmark@saved=\toks15
\footins@saved=\box31
\footins@recovered=\box32
\column@recovered=\box33
\pagesofar=\box34
\footsofar=\box35
\pagegrid@col=\count84
Class revtex4-1 Info: Overriding \@vspace, \@vspacer, \@no@pgbk, \@newline, and
 \\  on input line 5578.
\c@part=\count85
\c@section=\count86
\c@subsection=\count87
\c@subsubsection=\count88
\c@paragraph=\count89
\c@subparagraph=\count90
\abovecaptionskip=\skip42
\belowcaptionskip=\skip43
\c@figure=\count91
\fbox@1=\box36
\c@table=\count92
\fbox@2=\box37
\c@video=\count93
\fbox@4=\box38
\@bibdataout=\write3
\widetext@top=\box39
\widetext@bot=\box40
Class revtex4-1 Info: Selecting society aps on input line 7542.
(./aps4-1.rtx
File: aps4-1 2010/07/25/20:33:00 4.1r (http://publish.aps.org/revtex4/ for docu
mentation)
Class revtex4-1 Info: RevTeX society APS selected on input line 31.
)
Class revtex4-1 Info: Selecting journal prc on input line 7544.
Class revtex4-1 Info: APS journal PRC selected on input line 7545.
 (./aps12pt4-1.rtx
File: aps12pt4-1 2010/07/25/20:33:00 4.1r (http://publish.aps.org/revtex4/ for 
documentation)
Class revtex4-1 Info: RevTeX pointsize 12pt selected on input line 30.
) (./textcase.sty
Package: textcase 2004/10/07 v0.07 Text only upper/lower case changing (DPC)
)
(/usr/share/texlive/texmf-dist/tex/latex/url/url.sty
\Urlmuskip=\muskip10
Package: url 2006/04/12  ver 3.3  Verb mode for urls, etc.
)
(/usr/share/texlive/texmf-dist/tex/latex/natbib/natbib.sty
Package: natbib 2010/09/13 8.31b (PWD, AO)
\bibhang=\skip44
\bibsep=\skip45
LaTeX Info: Redefining \cite on input line 694.
\c@NAT@ctr=\count94
)
Class revtex4-1 Info: Repairing natbib's \BibitemShut on input line 7549.
 (./revsymb4-1.sty
Package: revsymb4-1 2010/07/25/20:33:00 4.1r (http://publish.aps.org/revtex4/ f
or documentation)
LaTeX Info: Redefining \REV@mathfrak on input line 119.
)) (/usr/share/texlive/texmf-dist/tex/latex/graphics/graphicx.sty
Package: graphicx 1999/02/16 v1.0f Enhanced LaTeX Graphics (DPC,SPQR)

(/usr/share/texlive/texmf-dist/tex/latex/graphics/keyval.sty
Package: keyval 1999/03/16 v1.13 key=value parser (DPC)
\KV@toks@=\toks16
)
(/usr/share/texlive/texmf-dist/tex/latex/graphics/graphics.sty
Package: graphics 2009/02/05 v1.0o Standard LaTeX Graphics (DPC,SPQR)

(/usr/share/texlive/texmf-dist/tex/latex/graphics/trig.sty
Package: trig 1999/03/16 v1.09 sin cos tan (DPC)
)
(/usr/share/texlive/texmf-dist/tex/latex/latexconfig/graphics.cfg
File: graphics.cfg 2010/04/23 v1.9 graphics configuration of TeX Live
)
Package graphics Info: Driver file: dvips.def on input line 91.

(/usr/share/texlive/texmf-dist/tex/latex/graphics/dvips.def
File: dvips.def 1999/02/16 v3.0i Driver-dependant file (DPC,SPQR)
))
\Gin@req@height=\dimen102
\Gin@req@width=\dimen103
)
Class revtex4-1 Info: Patching LaTeX tabular. on input line 4.
Class revtex4-1 Info: Robustifying \LaTeX's \boldmath command on input line 4.
Class revtex4-1 Info: cite was not loaded (OK!) on input line 4.
Class revtex4-1 Info: mcite was not loaded (OK!) on input line 4.
Class revtex4-1 Info: multicol was not loaded (OK!) on input line 4.
 (./jpsiPaper.aux

Package natbib Warning: Citation `ALICEJPsi' multiply defined.

)
\openout1 = `jpsiPaper.aux'.

LaTeX Font Info:    Checking defaults for OML/cmm/m/it on input line 4.
LaTeX Font Info:    ... okay on input line 4.
LaTeX Font Info:    Checking defaults for T1/cmr/m/n on input line 4.
LaTeX Font Info:    ... okay on input line 4.
LaTeX Font Info:    Checking defaults for OT1/cmr/m/n on input line 4.
LaTeX Font Info:    ... okay on input line 4.
LaTeX Font Info:    Checking defaults for OMS/cmsy/m/n on input line 4.
LaTeX Font Info:    ... okay on input line 4.
LaTeX Font Info:    Checking defaults for OMX/cmex/m/n on input line 4.
LaTeX Font Info:    ... okay on input line 4.
LaTeX Font Info:    Checking defaults for U/cmr/m/n on input line 4.
LaTeX Font Info:    ... okay on input line 4.
\openout3 = `jpsiPaperNotes.bib'.

LaTeX Font Info:    External font `cmex10' loaded for size
(Font)              <10.95> on input line 26.
LaTeX Font Info:    External font `cmex10' loaded for size
(Font)              <8> on input line 26.
LaTeX Font Info:    External font `cmex10' loaded for size
(Font)              <6> on input line 26.
LaTeX Font Info:    External font `cmex10' loaded for size
(Font)              <17.28> on input line 37.
LaTeX Font Info:    External font `cmex10' loaded for size
(Font)              <12> on input line 37.
LaTeX Font Info:    External font `cmex10' loaded for size
(Font)              <14.4> on input line 37.
LaTeX Font Info:    External font `cmex10' loaded for size
(Font)              <7> on input line 37.
LaTeX Font Info:    External font `cmex10' loaded for size
(Font)              <5> on input line 37.
 [1] [2] [3] [4] [5]
File: Fig1a_TauVsTemp.eps Graphic file (type eps)
 <Fig1a_TauVsTemp.eps>
File: Fig1b_TauVsFQGP.eps Graphic file (type eps)
 <Fig1b_TauVsFQGP.eps> [6]
File: Fig2_SigmaDq0.eps Graphic file (type eps)

<Fig2_SigmaDq0.eps>
File: Fig3a_DRateVsT.eps Graphic file (type eps)
 <Fig3a_DRateVsT.eps>
File: Fig3b_DRateVsPt.eps Graphic file (type eps)
 <Fig3b_DRateVsPt.eps> [7] [8]
File: Fig4a_FRateVsT.eps Graphic file (type eps)

<Fig4a_FRateVsT.eps>
File: Fig4b_FRateVsPt.eps Graphic file (type eps)
 <Fig4b_FRateVsPt.eps>
File: ALICE_RAAPt.eps Graphic file (type eps)
 <ALICE_RAAPt.eps>
File: CMS_RAAPt.eps Graphic file (type eps)
 <CMS_RAAPt.eps>
File: ALICE_RAA.eps Graphic file (type eps)

<ALICE_RAA.eps>
File: CMS_RAA_JPsi.eps Graphic file (type eps)
 <CMS_RAA_JPsi.eps>
File: CMS_RAA_Upsilon1S.eps Graphic file (type eps)
 <CMS_RAA_Upsilon1S.eps>
File: CMS_RAA_Upsilon2S.eps Graphic file (type eps)

<CMS_RAA_Upsilon2S.eps> [9] [10] [11]

Package natbib Warning: Citation `CMSJPs' on page 12 undefined on input line 53
0.

[12]
Underfull \hbox (badness 1117) in paragraph at lines 575--576
[]\OT1/cmr/m/n/10.95 B. Muller, J. Schukraft and B. Wys-louch, Ann. Rev. Nucl. 
Part. Sci. \OT1/cmr/bx/n/10.95 62\OT1/cmr/m/n/10.95 , 361-386
 []


Underfull \hbox (badness 10000) in paragraph at lines 577--578
[]\OT1/cmr/m/n/10.95 S. Cha-trchyan \OT1/cmr/m/it/10.95 et al. \OT1/cmr/m/n/10.
95 (CMS Col-lab-o-ra-tion) J. High En-ergy Phys. \OT1/cmr/bx/n/10.95 1205\OT1/c
mr/m/n/10.95 , 63
 []

[13]
Underfull \hbox (badness 3128) in paragraph at lines 634--635
[]\OT1/cmr/m/n/10.95 K. Aamodt \OT1/cmr/m/it/10.95 et al. \OT1/cmr/m/n/10.95 (A
L-ICE col-lab-o-ra-tion), Phys. Rev. Lett. \OT1/cmr/bx/n/10.95 106\OT1/cmr/m/n/
10.95 , 032301 (2011);
 []

No file jpsiPaper.bbl.

Package natbib Warning: There were undefined citations.


Package natbib Warning: There were multiply defined citations.

[14] (./jpsiPaper.aux

Package natbib Warning: Citation(s) may have changed.
(natbib)                Rerun to get citations correct.

) ) 
Here is how much of TeX's memory you used:
 2743 strings out of 495032
 35052 string characters out of 6181556
 102013 words of memory out of 5000000
 5969 multiletter control sequences out of 15000+600000
 11041 words of font info for 38 fonts, out of 8000000 for 9000
 14 hyphenation exceptions out of 8191
 32i,8n,29p,436b,329s stack positions out of 5000i,500n,10000p,200000b,80000s

Output written on jpsiPaper.dvi (14 pages, 40256 bytes).
