This is pdfTeX, Version 3.1415926-2.5-1.40.14 (TeX Live 2013/Debian) (format=pdflatex 2014.7.12)  5 MAR 2015 13:36
entering extended mode
 restricted \write18 enabled.
 %&-line parsing enabled.
**Shadowing.tex
(./Shadowing.tex
LaTeX2e <2011/06/27>
Babel <3.9h> and hyphenation patterns for 78 languages loaded.
(/usr/share/texlive/texmf-dist/tex/latex/revtex/revtex4-1.cls
Document Class: revtex4-1 2010/07/25/20:33:00 4.1r (http://publish.aps.org/revt
ex4/ for documentation)
 Copyright (c) 2009 The American Physical Society.
 mailto:revtex@aps.org
 Licensed under the LPPL:
http://www.ctan.org/tex-archive/macros/latex/base/lppl.txt
 Arthur Ogawa <arthur_ogawa at sbcglobal dot net>
 Based on work by David Carlisle <david at dcarlisle.demon.co.uk>.
ltxutil[2010/07/25/20:33:00 4.1r utilities package (portions licensed from W. E
. Baxter web at superscript.com)]
LaTeX Info: Redefining \@centercr on input line 308.
Class revtex4-1 Info: Repairing broken LaTeX eqnarray on input line 358.
\eqncolsep=\skip41
Class revtex4-1 Info: Repairing hyperref-unfriendly LaTeX definition of \mpfoot
note on input line 433.
Class revtex4-1 Info: Repairing broken LateX \@sect on input line 755.
\intertabularlinepenalty=\count79
\@tbpen=\count80
\@arstrutbox@hline=\box26
Class revtex4-1 Info: Repairing broken LaTeX \@xbitor on input line 1786.
Class revtex4-1 Info: Making \typeout \long on input line 2046.
ltxfront[2010/07/25/20:33:00 4.1r frontmatter package (AO,DPC)]
\c@affil=\count81
\c@collab=\count82
\absbox=\box27
ltxgrid[2010/07/25/20:33:00 4.1r page grid package (portions licensed from W. E
. Baxter web at superscript.com)]
\c@linecount=\count83
\output@latex=\toks14
\box@size@1=\box28
\box@size@2=\box29
\@protection@box=\box30
\@topmark@saved=\toks15
\footins@saved=\box31
\footins@recovered=\box32
\column@recovered=\box33
\pagesofar=\box34
\footsofar=\box35
\pagegrid@col=\count84
Class revtex4-1 Info: Overriding \@vspace, \@vspacer, \@no@pgbk, \@newline, and
 \\  on input line 5578.
\c@part=\count85
\c@section=\count86
\c@subsection=\count87
\c@subsubsection=\count88
\c@paragraph=\count89
\c@subparagraph=\count90
\abovecaptionskip=\skip42
\belowcaptionskip=\skip43
\c@figure=\count91
\fbox@1=\box36
\c@table=\count92
\fbox@2=\box37
\c@video=\count93
\fbox@4=\box38
\@bibdataout=\write3
\widetext@top=\box39
\widetext@bot=\box40
Class revtex4-1 Info: Selecting society aps on input line 7542.
(/usr/share/texlive/texmf-dist/tex/latex/revtex/aps4-1.rtx
File: aps4-1 2010/07/25/20:33:00 4.1r (http://publish.aps.org/revtex4/ for docu
mentation)
Class revtex4-1 Info: RevTeX society APS selected on input line 31.
)
Class revtex4-1 Info: Selecting journal prc on input line 7544.
Class revtex4-1 Info: APS journal PRC selected on input line 7545.

(/usr/share/texlive/texmf-dist/tex/latex/revtex/aps12pt4-1.rtx
File: aps12pt4-1 2010/07/25/20:33:00 4.1r (http://publish.aps.org/revtex4/ for 
documentation)
Class revtex4-1 Info: RevTeX pointsize 12pt selected on input line 30.
)
(/usr/share/texlive/texmf-dist/tex/latex/textcase/textcase.sty
Package: textcase 2004/10/07 v0.07 Text only upper/lower case changing (DPC)
)
(/usr/share/texlive/texmf-dist/tex/latex/url/url.sty
\Urlmuskip=\muskip10
Package: url 2013/09/16  ver 3.4  Verb mode for urls, etc.
)
(/usr/share/texlive/texmf-dist/tex/latex/natbib/natbib.sty
Package: natbib 2010/09/13 8.31b (PWD, AO)
\bibhang=\skip44
\bibsep=\skip45
LaTeX Info: Redefining \cite on input line 694.
\c@NAT@ctr=\count94
)
Class revtex4-1 Info: Repairing natbib's \BibitemShut on input line 7549.

(/usr/share/texlive/texmf-dist/tex/latex/revtex/revsymb4-1.sty
Package: revsymb4-1 2010/07/25/20:33:00 4.1r (http://publish.aps.org/revtex4/ f
or documentation)
LaTeX Info: Redefining \REV@mathfrak on input line 119.
))
(/usr/share/texlive/texmf-dist/tex/latex/graphics/graphicx.sty
Package: graphicx 1999/02/16 v1.0f Enhanced LaTeX Graphics (DPC,SPQR)

(/usr/share/texlive/texmf-dist/tex/latex/graphics/keyval.sty
Package: keyval 1999/03/16 v1.13 key=value parser (DPC)
\KV@toks@=\toks16
)
(/usr/share/texlive/texmf-dist/tex/latex/graphics/graphics.sty
Package: graphics 2009/02/05 v1.0o Standard LaTeX Graphics (DPC,SPQR)

(/usr/share/texlive/texmf-dist/tex/latex/graphics/trig.sty
Package: trig 1999/03/16 v1.09 sin cos tan (DPC)
)
(/usr/share/texlive/texmf-dist/tex/latex/latexconfig/graphics.cfg
File: graphics.cfg 2010/04/23 v1.9 graphics configuration of TeX Live
)
Package graphics Info: Driver file: pdftex.def on input line 91.

(/usr/share/texlive/texmf-dist/tex/latex/pdftex-def/pdftex.def
File: pdftex.def 2011/05/27 v0.06d Graphics/color for pdfTeX

(/usr/share/texlive/texmf-dist/tex/generic/oberdiek/infwarerr.sty
Package: infwarerr 2010/04/08 v1.3 Providing info/warning/error messages (HO)
)
(/usr/share/texlive/texmf-dist/tex/generic/oberdiek/ltxcmds.sty
Package: ltxcmds 2011/11/09 v1.22 LaTeX kernel commands for general use (HO)
)
\Gread@gobject=\count95
))
\Gin@req@height=\dimen102
\Gin@req@width=\dimen103
)
Class revtex4-1 Info: Patching LaTeX tabular. on input line 3.
Class revtex4-1 Info: Robustifying \LaTeX's \boldmath command on input line 3.
Class revtex4-1 Info: cite was not loaded (OK!) on input line 3.
Class revtex4-1 Info: mcite was not loaded (OK!) on input line 3.
Class revtex4-1 Info: multicol was not loaded (OK!) on input line 3.

(./Shadowing.aux)
\openout1 = `Shadowing.aux'.

LaTeX Font Info:    Checking defaults for OML/cmm/m/it on input line 3.
LaTeX Font Info:    ... okay on input line 3.
LaTeX Font Info:    Checking defaults for T1/cmr/m/n on input line 3.
LaTeX Font Info:    ... okay on input line 3.
LaTeX Font Info:    Checking defaults for OT1/cmr/m/n on input line 3.
LaTeX Font Info:    ... okay on input line 3.
LaTeX Font Info:    Checking defaults for OMS/cmsy/m/n on input line 3.
LaTeX Font Info:    ... okay on input line 3.
LaTeX Font Info:    Checking defaults for OMX/cmex/m/n on input line 3.
LaTeX Font Info:    ... okay on input line 3.
LaTeX Font Info:    Checking defaults for U/cmr/m/n on input line 3.
LaTeX Font Info:    ... okay on input line 3.
 (/usr/share/texlive/texmf-dist/tex/context/base/supp-pdf.mkii
[Loading MPS to PDF converter (version 2006.09.02).]
\scratchcounter=\count96
\scratchdimen=\dimen104
\scratchbox=\box41
\nofMPsegments=\count97
\nofMParguments=\count98
\everyMPshowfont=\toks17
\MPscratchCnt=\count99
\MPscratchDim=\dimen105
\MPnumerator=\count100
\makeMPintoPDFobject=\count101
\everyMPtoPDFconversion=\toks18
) (/usr/share/texlive/texmf-dist/tex/generic/oberdiek/pdftexcmds.sty
Package: pdftexcmds 2011/11/29 v0.20 Utility functions of pdfTeX for LuaTeX (HO
)

(/usr/share/texlive/texmf-dist/tex/generic/oberdiek/ifluatex.sty
Package: ifluatex 2010/03/01 v1.3 Provides the ifluatex switch (HO)
Package ifluatex Info: LuaTeX not detected.
)
(/usr/share/texlive/texmf-dist/tex/generic/oberdiek/ifpdf.sty
Package: ifpdf 2011/01/30 v2.3 Provides the ifpdf switch (HO)
Package ifpdf Info: pdfTeX in PDF mode is detected.
)
Package pdftexcmds Info: LuaTeX not detected.
Package pdftexcmds Info: \pdf@primitive is available.
Package pdftexcmds Info: \pdf@ifprimitive is available.
Package pdftexcmds Info: \pdfdraftmode found.
)
(/usr/share/texlive/texmf-dist/tex/latex/oberdiek/epstopdf-base.sty
Package: epstopdf-base 2010/02/09 v2.5 Base part for package epstopdf

(/usr/share/texlive/texmf-dist/tex/latex/oberdiek/grfext.sty
Package: grfext 2010/08/19 v1.1 Manage graphics extensions (HO)

(/usr/share/texlive/texmf-dist/tex/generic/oberdiek/kvdefinekeys.sty
Package: kvdefinekeys 2011/04/07 v1.3 Define keys (HO)
))
(/usr/share/texlive/texmf-dist/tex/latex/oberdiek/kvoptions.sty
Package: kvoptions 2011/06/30 v3.11 Key value format for package options (HO)

(/usr/share/texlive/texmf-dist/tex/generic/oberdiek/kvsetkeys.sty
Package: kvsetkeys 2012/04/25 v1.16 Key value parser (HO)

(/usr/share/texlive/texmf-dist/tex/generic/oberdiek/etexcmds.sty
Package: etexcmds 2011/02/16 v1.5 Avoid name clashes with e-TeX commands (HO)
Package etexcmds Info: Could not find \expanded.
(etexcmds)             That can mean that you are not using pdfTeX 1.50 or
(etexcmds)             that some package has redefined \expanded.
(etexcmds)             In the latter case, load this package earlier.
)))
Package grfext Info: Graphics extension search list:
(grfext)             [.png,.pdf,.jpg,.mps,.jpeg,.jbig2,.jb2,.PNG,.PDF,.JPG,.JPE
G,.JBIG2,.JB2,.eps]
(grfext)             \AppendGraphicsExtensions on input line 452.

(/usr/share/texlive/texmf-dist/tex/latex/latexconfig/epstopdf-sys.cfg
File: epstopdf-sys.cfg 2010/07/13 v1.3 Configuration of (r)epstopdf for TeX Liv
e
))
\openout3 = `ShadowingNotes.bib'.

LaTeX Font Info:    External font `cmex10' loaded for size
(Font)              <12> on input line 5.
LaTeX Font Info:    External font `cmex10' loaded for size
(Font)              <8> on input line 5.
LaTeX Font Info:    External font `cmex10' loaded for size
(Font)              <6> on input line 5.
Package epstopdf Info: Source file: <JpsiRaaShVsPt.eps>
(epstopdf)                    date: 2015-03-05 13:36:34
(epstopdf)                    size: 9365 bytes
(epstopdf)             Output file: <JpsiRaaShVsPt-eps-converted-to.pdf>
(epstopdf)             Command: <repstopdf --outfile=JpsiRaaShVsPt-eps-converte
d-to.pdf JpsiRaaShVsPt.eps>
(epstopdf)             \includegraphics on input line 9.
runsystem(repstopdf --outfile=JpsiRaaShVsPt-eps-converted-to.pdf JpsiRaaShVsPt.
eps)...executed safely (allowed).

Package epstopdf Info: Result file: <JpsiRaaShVsPt-eps-converted-to.pdf>
(epstopdf)                    date: 2015-03-05 13:36:52
(epstopdf)                    size: 10235 bytes.

<JpsiRaaShVsPt-eps-converted-to.pdf, id=1, 569.12625pt x 548.0475pt>
File: JpsiRaaShVsPt-eps-converted-to.pdf Graphic file (type pdf)

<use JpsiRaaShVsPt-eps-converted-to.pdf>
Package pdftex.def Info: JpsiRaaShVsPt-eps-converted-to.pdf used on input line 
9.
(pdftex.def)             Requested size: 229.32257pt x 220.82907pt.
Package epstopdf Info: Source file: <JpsiRaaShVsRap.eps>
(epstopdf)                    date: 2015-03-05 13:36:34
(epstopdf)                    size: 8640 bytes
(epstopdf)             Output file: <JpsiRaaShVsRap-eps-converted-to.pdf>
(epstopdf)             Command: <repstopdf --outfile=JpsiRaaShVsRap-eps-convert
ed-to.pdf JpsiRaaShVsRap.eps>
(epstopdf)             \includegraphics on input line 10.
runsystem(repstopdf --outfile=JpsiRaaShVsRap-eps-converted-to.pdf JpsiRaaShVsRa
p.eps)...executed safely (allowed).

Package epstopdf Info: Result file: <JpsiRaaShVsRap-eps-converted-to.pdf>
(epstopdf)                    date: 2015-03-05 13:36:53
(epstopdf)                    size: 7524 bytes.

<JpsiRaaShVsRap-eps-converted-to.pdf, id=2, 569.12625pt x 548.0475pt>
File: JpsiRaaShVsRap-eps-converted-to.pdf Graphic file (type pdf)

<use JpsiRaaShVsRap-eps-converted-to.pdf>
Package pdftex.def Info: JpsiRaaShVsRap-eps-converted-to.pdf used on input line
 10.
(pdftex.def)             Requested size: 229.32257pt x 220.82907pt.
LaTeX Font Info:    External font `cmex10' loaded for size
(Font)              <10.95> on input line 11.
Package epstopdf Info: Source file: <UpsilonRaaShVsPtMid.eps>
(epstopdf)                    date: 2015-03-05 13:36:34
(epstopdf)                    size: 9998 bytes
(epstopdf)             Output file: <UpsilonRaaShVsPtMid-eps-converted-to.pdf>
(epstopdf)             Command: <repstopdf --outfile=UpsilonRaaShVsPtMid-eps-co
nverted-to.pdf UpsilonRaaShVsPtMid.eps>
(epstopdf)             \includegraphics on input line 21.
runsystem(repstopdf --outfile=UpsilonRaaShVsPtMid-eps-converted-to.pdf UpsilonR
aaShVsPtMid.eps)...executed safely (allowed).

Package epstopdf Info: Result file: <UpsilonRaaShVsPtMid-eps-converted-to.pdf>
(epstopdf)                    date: 2015-03-05 13:36:54
(epstopdf)                    size: 11595 bytes.

<UpsilonRaaShVsPtMid-eps-converted-to.pdf, id=3, 569.12625pt x 548.0475pt>
File: UpsilonRaaShVsPtMid-eps-converted-to.pdf Graphic file (type pdf)

<use UpsilonRaaShVsPtMid-eps-converted-to.pdf>
Package pdftex.def Info: UpsilonRaaShVsPtMid-eps-converted-to.pdf used on input
 line 21.
(pdftex.def)             Requested size: 229.32257pt x 220.82907pt.
Package epstopdf Info: Source file: <UpsilonRaaShVsPtFor.eps>
(epstopdf)                    date: 2015-03-05 13:36:34
(epstopdf)                    size: 10026 bytes
(epstopdf)             Output file: <UpsilonRaaShVsPtFor-eps-converted-to.pdf>
(epstopdf)             Command: <repstopdf --outfile=UpsilonRaaShVsPtFor-eps-co
nverted-to.pdf UpsilonRaaShVsPtFor.eps>
(epstopdf)             \includegraphics on input line 22.
runsystem(repstopdf --outfile=UpsilonRaaShVsPtFor-eps-converted-to.pdf UpsilonR
aaShVsPtFor.eps)...executed safely (allowed).

Package epstopdf Info: Result file: <UpsilonRaaShVsPtFor-eps-converted-to.pdf>
(epstopdf)                    date: 2015-03-05 13:36:55
(epstopdf)                    size: 11607 bytes.

<UpsilonRaaShVsPtFor-eps-converted-to.pdf, id=4, 569.12625pt x 548.0475pt>
File: UpsilonRaaShVsPtFor-eps-converted-to.pdf Graphic file (type pdf)

<use UpsilonRaaShVsPtFor-eps-converted-to.pdf>
Package pdftex.def Info: UpsilonRaaShVsPtFor-eps-converted-to.pdf used on input
 line 22.
(pdftex.def)             Requested size: 229.32257pt x 220.82907pt.
Package epstopdf Info: Source file: <UpsilonRaaShVsRap.eps>
(epstopdf)                    date: 2014-07-03 15:54:56
(epstopdf)                    size: 7982 bytes
(epstopdf)             Output file: <UpsilonRaaShVsRap-eps-converted-to.pdf>
(epstopdf)             Command: <repstopdf --outfile=UpsilonRaaShVsRap-eps-conv
erted-to.pdf UpsilonRaaShVsRap.eps>
(epstopdf)             \includegraphics on input line 32.
runsystem(repstopdf --outfile=UpsilonRaaShVsRap-eps-converted-to.pdf UpsilonRaa
ShVsRap.eps)...executed safely (allowed).

Package epstopdf Info: Result file: <UpsilonRaaShVsRap-eps-converted-to.pdf>
(epstopdf)                    date: 2015-03-05 13:36:56
(epstopdf)                    size: 7243 bytes.

<UpsilonRaaShVsRap-eps-converted-to.pdf, id=5, 569.12625pt x 548.0475pt>
File: UpsilonRaaShVsRap-eps-converted-to.pdf Graphic file (type pdf)

<use UpsilonRaaShVsRap-eps-converted-to.pdf>
Package pdftex.def Info: UpsilonRaaShVsRap-eps-converted-to.pdf used on input l
ine 32.
(pdftex.def)             Requested size: 229.32257pt x 220.82907pt.

No file Shadowing.bbl.
[1{/var/lib/texmf/fonts/map/pdftex/updmap/pdftex.map} <./JpsiRaaShVsPt-eps-conv
erted-to.pdf> <./JpsiRaaShVsRap-eps-converted-to.pdf> <./UpsilonRaaShVsPtMid-ep
s-converted-to.pdf> <./UpsilonRaaShVsPtFor-eps-converted-to.pdf>] [2 <./Upsilon
RaaShVsRap-eps-converted-to.pdf>] (./Shadowing.aux) ) 
Here is how much of TeX's memory you used:
 3491 strings out of 493304
 47884 string characters out of 6139871
 114929 words of memory out of 5000000
 6934 multiletter control sequences out of 15000+600000
 7292 words of font info for 26 fonts, out of 8000000 for 9000
 957 hyphenation exceptions out of 8191
 38i,5n,25p,269b,290s stack positions out of 5000i,500n,10000p,200000b,80000s
</usr/share/texlive/texmf-
dist/fonts/type1/public/amsfonts/cm/cmmi10.pfb></usr/share/texlive/texmf-dist/f
onts/type1/public/amsfonts/cm/cmmi12.pfb></usr/share/texlive/texmf-dist/fonts/t
ype1/public/amsfonts/cm/cmmi8.pfb></usr/share/texlive/texmf-dist/fonts/type1/pu
blic/amsfonts/cm/cmr10.pfb></usr/share/texlive/texmf-dist/fonts/type1/public/am
sfonts/cm/cmr12.pfb>
Output written on Shadowing.pdf (2 pages, 85724 bytes).
PDF statistics:
 81 PDF objects out of 1000 (max. 8388607)
 56 compressed objects within 1 object stream
 0 named destinations out of 1000 (max. 500000)
 26 words of extra memory for PDF output out of 10000 (max. 10000000)

